c:\users\tobnu\documents\visual studio 2013\projects\qtterm_v2\qtterm_v2\x64\release\qrc_qtterm_v2.obj
c:\users\tobnu\documents\visual studio 2013\projects\qtterm_v2\qtterm_v2\x64\release\main.obj
c:\users\tobnu\documents\visual studio 2013\projects\qtterm_v2\qtterm_v2\x64\release\moc_serialconnector.obj
c:\users\tobnu\documents\visual studio 2013\projects\qtterm_v2\qtterm_v2\x64\release\serialconnector.obj
c:\users\tobnu\documents\visual studio 2013\projects\qtterm_v2\qtterm_v2\generatedfiles\qrc_qtterm_v2.cpp
c:\users\tobnu\documents\visual studio 2013\projects\qtterm_v2\qtterm_v2\generatedfiles\ui_qtterm_v2.h
c:\users\tobnu\documents\visual studio 2013\projects\qtterm_v2\qtterm_v2\generatedfiles\release\moc_serialconnector.cpp
c:\users\tobnu\documents\visual studio 2013\projects\qtterm_v2\x64\release\qtterm_v2.exe
c:\users\tobnu\documents\visual studio 2013\projects\qtterm_v2\qtterm_v2\x64\release\a_ringlicht.res
c:\users\tobnu\documents\visual studio 2013\projects\qtterm_v2\qtterm_v2\x64\release\cl.command.1.tlog
c:\users\tobnu\documents\visual studio 2013\projects\qtterm_v2\qtterm_v2\x64\release\cl.read.1.tlog
c:\users\tobnu\documents\visual studio 2013\projects\qtterm_v2\qtterm_v2\x64\release\cl.write.1.tlog
c:\users\tobnu\documents\visual studio 2013\projects\qtterm_v2\qtterm_v2\x64\release\custombuild.command.1.tlog
c:\users\tobnu\documents\visual studio 2013\projects\qtterm_v2\qtterm_v2\x64\release\custombuild.read.1.tlog
c:\users\tobnu\documents\visual studio 2013\projects\qtterm_v2\qtterm_v2\x64\release\custombuild.write.1.tlog
c:\users\tobnu\documents\visual studio 2013\projects\qtterm_v2\qtterm_v2\x64\release\link-cvtres.read.1.tlog
c:\users\tobnu\documents\visual studio 2013\projects\qtterm_v2\qtterm_v2\x64\release\link-cvtres.write.1.tlog
c:\users\tobnu\documents\visual studio 2013\projects\qtterm_v2\qtterm_v2\x64\release\link.command.1.tlog
c:\users\tobnu\documents\visual studio 2013\projects\qtterm_v2\qtterm_v2\x64\release\link.read.1.tlog
c:\users\tobnu\documents\visual studio 2013\projects\qtterm_v2\qtterm_v2\x64\release\link.write.1.tlog
c:\users\tobnu\documents\visual studio 2013\projects\qtterm_v2\qtterm_v2\x64\release\mt.command.1.tlog
c:\users\tobnu\documents\visual studio 2013\projects\qtterm_v2\qtterm_v2\x64\release\mt.read.1.tlog
c:\users\tobnu\documents\visual studio 2013\projects\qtterm_v2\qtterm_v2\x64\release\mt.write.1.tlog
c:\users\tobnu\documents\visual studio 2013\projects\qtterm_v2\qtterm_v2\x64\release\rc.command.1.tlog
c:\users\tobnu\documents\visual studio 2013\projects\qtterm_v2\qtterm_v2\x64\release\rc.read.1.tlog
c:\users\tobnu\documents\visual studio 2013\projects\qtterm_v2\qtterm_v2\x64\release\rc.write.1.tlog
c:\users\tobnu\documents\visual studio 2013\projects\qtterm_v2\qtterm_v2\x64\release\qtterm_v2.exe.intermediate.manifest
