c:\users\tobnu\documents\visual studio 2013\projects\qtterm_v2\qtterm_v2\x64\debug\qrc_qtterm_v2.obj
c:\users\tobnu\documents\visual studio 2013\projects\qtterm_v2\qtterm_v2\x64\debug\vc100.pdb
c:\users\tobnu\documents\visual studio 2013\projects\qtterm_v2\qtterm_v2\x64\debug\main.obj
c:\users\tobnu\documents\visual studio 2013\projects\qtterm_v2\qtterm_v2\x64\debug\serialconnector.obj
c:\users\tobnu\documents\visual studio 2013\projects\qtterm_v2\qtterm_v2\x64\debug\moc_serialconnector.obj
c:\users\tobnu\documents\visual studio 2013\projects\qtterm_v2\qtterm_v2\generatedfiles\qrc_qtterm_v2.cpp
c:\users\tobnu\documents\visual studio 2013\projects\qtterm_v2\qtterm_v2\generatedfiles\debug\moc_serialconnector.cpp
c:\users\tobnu\documents\visual studio 2013\projects\qtterm_v2\qtterm_v2\generatedfiles\ui_qtterm_v2.h
c:\users\tobnu\documents\visual studio 2013\projects\qtterm_v2\x64\debug\qtterm_v2.ilk
c:\users\tobnu\documents\visual studio 2013\projects\qtterm_v2\x64\debug\qtterm_v2.exe
c:\users\tobnu\documents\visual studio 2013\projects\qtterm_v2\qtterm_v2\x64\debug\qtterm_v2.exe.intermediate.manifest
c:\users\tobnu\documents\visual studio 2013\projects\qtterm_v2\x64\debug\qtterm_v2.pdb
c:\users\tobnu\documents\visual studio 2013\projects\qtterm_v2\qtterm_v2\x64\debug\a_ringlicht.res
c:\users\tobnu\documents\visual studio 2013\projects\qtterm_v2\qtterm_v2\x64\debug\cl.command.1.tlog
c:\users\tobnu\documents\visual studio 2013\projects\qtterm_v2\qtterm_v2\x64\debug\cl.read.1.tlog
c:\users\tobnu\documents\visual studio 2013\projects\qtterm_v2\qtterm_v2\x64\debug\cl.write.1.tlog
c:\users\tobnu\documents\visual studio 2013\projects\qtterm_v2\qtterm_v2\x64\debug\custombuild.command.1.tlog
c:\users\tobnu\documents\visual studio 2013\projects\qtterm_v2\qtterm_v2\x64\debug\custombuild.read.1.tlog
c:\users\tobnu\documents\visual studio 2013\projects\qtterm_v2\qtterm_v2\x64\debug\custombuild.write.1.tlog
c:\users\tobnu\documents\visual studio 2013\projects\qtterm_v2\qtterm_v2\x64\debug\link-cvtres.read.1.tlog
c:\users\tobnu\documents\visual studio 2013\projects\qtterm_v2\qtterm_v2\x64\debug\link-cvtres.write.1.tlog
c:\users\tobnu\documents\visual studio 2013\projects\qtterm_v2\qtterm_v2\x64\debug\link.command.1.tlog
c:\users\tobnu\documents\visual studio 2013\projects\qtterm_v2\qtterm_v2\x64\debug\link.read.1.tlog
c:\users\tobnu\documents\visual studio 2013\projects\qtterm_v2\qtterm_v2\x64\debug\link.write.1.tlog
c:\users\tobnu\documents\visual studio 2013\projects\qtterm_v2\qtterm_v2\x64\debug\mt.command.1.tlog
c:\users\tobnu\documents\visual studio 2013\projects\qtterm_v2\qtterm_v2\x64\debug\mt.read.1.tlog
c:\users\tobnu\documents\visual studio 2013\projects\qtterm_v2\qtterm_v2\x64\debug\mt.write.1.tlog
c:\users\tobnu\documents\visual studio 2013\projects\qtterm_v2\qtterm_v2\x64\debug\rc.command.1.tlog
c:\users\tobnu\documents\visual studio 2013\projects\qtterm_v2\qtterm_v2\x64\debug\rc.read.1.tlog
c:\users\tobnu\documents\visual studio 2013\projects\qtterm_v2\qtterm_v2\x64\debug\rc.write.1.tlog
