Build started 19.05.2015 14:52:44.
     1>Project "C:\Users\tobnu\documents\visual studio 2013\Projects\QtTerm_v2\QtTerm_v2\QtTerm_v2.vcxproj" on node 2 (Build target(s)).
     1>CustomBuild:
         Uic'ing qtterm_v2.ui...
     1>C:\Users\tobnu\documents\visual studio 2013\Projects\QtTerm_v2\QtTerm_v2\qtterm_v2.ui : warning : The name 'layoutWidget' (QWidget) is already in use, defaulting to 'layoutWidget1'.
     1>C:\Users\tobnu\documents\visual studio 2013\Projects\QtTerm_v2\QtTerm_v2\qtterm_v2.ui : warning : The name 'layoutWidget' (QWidget) is already in use, defaulting to 'layoutWidget2'.
     1>C:\Users\tobnu\documents\visual studio 2013\Projects\QtTerm_v2\QtTerm_v2\qtterm_v2.ui : warning : The name 'layoutWidget' (QWidget) is already in use, defaulting to 'layoutWidget3'.
     1>C:\Users\tobnu\documents\visual studio 2013\Projects\QtTerm_v2\QtTerm_v2\qtterm_v2.ui : warning : The name 'layoutWidget' (QWidget) is already in use, defaulting to 'layoutWidget4'.
     1>C:\Users\tobnu\documents\visual studio 2013\Projects\QtTerm_v2\QtTerm_v2\qtterm_v2.ui : warning : The name 'layoutWidget' (QWidget) is already in use, defaulting to 'layoutWidget5'.
       ClCompile:
         c:\Program Files (x86)\Microsoft Visual Studio 10.0\VC\bin\x86_amd64\CL.exe /c /I.\GeneratedFiles /I. /I"C:\Qt\qt-5.3.2-x64-msvc2010-opengl\qt-5.3.2-x64-msvc2010-opengl\include" /I.\GeneratedFiles\Debug /I"C:\Qt\qt-5.3.2-x64-msvc2010-opengl\qt-5.3.2-x64-msvc2010-opengl\include\QtCore" /I"C:\Qt\qt-5.3.2-x64-msvc2010-opengl\qt-5.3.2-x64-msvc2010-opengl\include\QtGui" /I"C:\Qt\qt-5.3.2-x64-msvc2010-opengl\qt-5.3.2-x64-msvc2010-opengl\include\QtWidgets" /Zi /nologo /W1 /WX- /Od /D UNICODE /D WIN32 /D WIN64 /D QT_DLL /D QT_CORE_LIB /D QT_GUI_LIB /D QT_WIDGETS_LIB /Gm- /EHsc /MDd /GS /fp:precise /Zc:wchar_t /Zc:forScope /Fo"x64\Debug\\" /Fd"x64\Debug\vc100.pdb" /Gd /TP /errorReport:prompt GeneratedFiles\Debug\moc_SerialConnector.cpp SerialConnector.cpp main.cpp
         moc_SerialConnector.cpp
         SerialConnector.cpp
         main.cpp
         Generating Code...
       Link:
         c:\Program Files (x86)\Microsoft Visual Studio 10.0\VC\bin\x86_amd64\link.exe /ERRORREPORT:PROMPT /OUT:"C:\Users\tobnu\documents\visual studio 2013\Projects\QtTerm_v2\x64\Debug\\QtTerm_v2.exe" /NOLOGO /LIBPATH:"C:\Qt\qt-5.3.2-x64-msvc2010-opengl\qt-5.3.2-x64-msvc2010-opengl\lib" qtmaind.lib Qt5Cored.lib Qt5Guid.lib Qt5Widgetsd.lib Qt5SerialPortd.lib kernel32.lib user32.lib gdi32.lib winspool.lib comdlg32.lib advapi32.lib shell32.lib ole32.lib oleaut32.lib uuid.lib odbc32.lib odbccp32.lib /MANIFEST /ManifestFile:"x64\Debug\QtTerm_v2.exe.intermediate.manifest" /MANIFESTUAC:"level='asInvoker' uiAccess='false'" /DEBUG /PDB:"C:\Users\tobnu\documents\visual studio 2013\Projects\QtTerm_v2\x64\Debug\QtTerm_v2.pdb" /SUBSYSTEM:CONSOLE /TLBID:1 /DYNAMICBASE /NXCOMPAT /IMPLIB:"C:\Users\tobnu\documents\visual studio 2013\Projects\QtTerm_v2\x64\Debug\QtTerm_v2.lib" /MACHINE:X64 x64\Debug\A_Ringlicht.res
         x64\Debug\moc_SerialConnector.obj
         x64\Debug\qrc_qtterm_v2.obj
         x64\Debug\main.obj
         x64\Debug\SerialConnector.obj
         LINK : C:\Users\tobnu\documents\visual studio 2013\Projects\QtTerm_v2\x64\Debug\\QtTerm_v2.exe not found or not built by the last incremental link; performing full link
         QtTerm_v2.vcxproj -> C:\Users\tobnu\documents\visual studio 2013\Projects\QtTerm_v2\x64\Debug\QtTerm_v2.exe
       Manifest:
         C:\Program Files (x86)\Microsoft SDKs\Windows\v7.0A\bin\mt.exe /nologo /verbose /outputresource:"C:\Users\tobnu\documents\visual studio 2013\Projects\QtTerm_v2\x64\Debug\\QtTerm_v2.exe;#1" /manifest x64\Debug\QtTerm_v2.exe.intermediate.manifest
     1>Done Building Project "C:\Users\tobnu\documents\visual studio 2013\Projects\QtTerm_v2\QtTerm_v2\QtTerm_v2.vcxproj" (Build target(s)).

Build succeeded.

Time Elapsed 00:00:06.37
